{
  "stats": {
    "suites": 4,
    "tests": 23,
    "passes": 23,
    "pending": 0,
    "failures": 0,
    "start": "2024-06-11T15:33:06.892Z",
    "end": "2024-06-11T15:33:06.902Z",
    "duration": 10,
    "testsRegistered": 23,
    "passPercent": 100,
    "pendingPercent": 0,
    "other": 0,
    "hasOther": false,
    "skipped": 0,
    "hasSkipped": false
  },
  "results": [
    {
      "uuid": "44b4267f-dec1-4576-b94d-da4a87e4fcbf",
      "title": "",
      "fullFile": "",
      "file": "",
      "beforeHooks": [],
      "afterHooks": [],
      "tests": [],
      "suites": [
        {
          "uuid": "17cac6b0-780c-4263-8fed-1586df6c0a41",
          "title": "Account",
          "fullFile": "/Users/deveshmittal/oppa/js_assignment/test/test.cjs",
          "file": "/test/test.cjs",
          "beforeHooks": [
            {
              "title": "\"before each\" hook in \"Account\"",
              "fullTitle": "Account \"before each\" hook in \"Account\"",
              "timedOut": false,
              "duration": 0,
              "state": null,
              "speed": null,
              "pass": false,
              "fail": false,
              "pending": false,
              "context": null,
              "code": "account = new Account(1);",
              "err": {},
              "uuid": "13374d31-7cf2-4d5e-9fff-614eda78e732",
              "parentUUID": "17cac6b0-780c-4263-8fed-1586df6c0a41",
              "isHook": true,
              "skipped": false
            }
          ],
          "afterHooks": [],
          "tests": [
            {
              "title": "should have a number",
              "fullTitle": "Account should have a number",
              "timedOut": false,
              "duration": 0,
              "state": "passed",
              "speed": "fast",
              "pass": true,
              "fail": false,
              "pending": false,
              "context": null,
              "code": "expect(account.getNumber()).to.equal(1);",
              "err": {},
              "uuid": "5f6c555f-30ad-48ff-bd75-204582098ef6",
              "parentUUID": "17cac6b0-780c-4263-8fed-1586df6c0a41",
              "isHook": false,
              "skipped": false
            },
            {
              "title": "should have an initial balance of 0",
              "fullTitle": "Account should have an initial balance of 0",
              "timedOut": false,
              "duration": 0,
              "state": "passed",
              "speed": "fast",
              "pass": true,
              "fail": false,
              "pending": false,
              "context": null,
              "code": "expect(account.getBalance()).to.equal(0);",
              "err": {},
              "uuid": "6da6f157-03f8-4546-b581-b0b8eb15cbbd",
              "parentUUID": "17cac6b0-780c-4263-8fed-1586df6c0a41",
              "isHook": false,
              "skipped": false
            },
            {
              "title": "should deposit money",
              "fullTitle": "Account should deposit money",
              "timedOut": false,
              "duration": 0,
              "state": "passed",
              "speed": "fast",
              "pass": true,
              "fail": false,
              "pending": false,
              "context": null,
              "code": "account.deposit(100);\nexpect(account.getBalance()).to.equal(100);",
              "err": {},
              "uuid": "9c5d09cf-31f1-4bae-b145-8501b03c5bee",
              "parentUUID": "17cac6b0-780c-4263-8fed-1586df6c0a41",
              "isHook": false,
              "skipped": false
            },
            {
              "title": "should throw an error for deposit <= 0",
              "fullTitle": "Account should throw an error for deposit <= 0",
              "timedOut": false,
              "duration": 1,
              "state": "passed",
              "speed": "fast",
              "pass": true,
              "fail": false,
              "pending": false,
              "context": null,
              "code": "expect(() => account.deposit(0)).to.throw(RangeError);\nexpect(() => account.deposit(-100)).to.throw(RangeError);",
              "err": {},
              "uuid": "e1d23125-c295-4393-8e02-853e8b48e09f",
              "parentUUID": "17cac6b0-780c-4263-8fed-1586df6c0a41",
              "isHook": false,
              "skipped": false
            },
            {
              "title": "should withdraw money",
              "fullTitle": "Account should withdraw money",
              "timedOut": false,
              "duration": 0,
              "state": "passed",
              "speed": "fast",
              "pass": true,
              "fail": false,
              "pending": false,
              "context": null,
              "code": "account.deposit(100);\naccount.withdraw(50);\nexpect(account.getBalance()).to.equal(50);",
              "err": {},
              "uuid": "8b50ae63-5f91-42e7-ae71-1fcae7215f76",
              "parentUUID": "17cac6b0-780c-4263-8fed-1586df6c0a41",
              "isHook": false,
              "skipped": false
            },
            {
              "title": "should throw an error for withdraw <= 0",
              "fullTitle": "Account should throw an error for withdraw <= 0",
              "timedOut": false,
              "duration": 0,
              "state": "passed",
              "speed": "fast",
              "pass": true,
              "fail": false,
              "pending": false,
              "context": null,
              "code": "expect(() => account.withdraw(0)).to.throw(RangeError);\nexpect(() => account.withdraw(-100)).to.throw(RangeError);",
              "err": {},
              "uuid": "393984ce-073c-4824-be19-769c9c52dff4",
              "parentUUID": "17cac6b0-780c-4263-8fed-1586df6c0a41",
              "isHook": false,
              "skipped": false
            },
            {
              "title": "should throw an error for insufficient funds",
              "fullTitle": "Account should throw an error for insufficient funds",
              "timedOut": false,
              "duration": 0,
              "state": "passed",
              "speed": "fast",
              "pass": true,
              "fail": false,
              "pending": false,
              "context": null,
              "code": "expect(() => account.withdraw(100)).to.throw(Error);",
              "err": {},
              "uuid": "488365f4-ea7f-4281-a189-6181e8462617",
              "parentUUID": "17cac6b0-780c-4263-8fed-1586df6c0a41",
              "isHook": false,
              "skipped": false
            },
            {
              "title": "should return string representation",
              "fullTitle": "Account should return string representation",
              "timedOut": false,
              "duration": 0,
              "state": "passed",
              "speed": "fast",
              "pass": true,
              "fail": false,
              "pending": false,
              "context": null,
              "code": "expect(account.toString()).to.equal('Account 1: balance 0');\naccount.deposit(100);\nexpect(account.toString()).to.equal('Account 1: balance 100');",
              "err": {},
              "uuid": "8477f8f0-b9eb-48ef-8a5e-03a7e0877697",
              "parentUUID": "17cac6b0-780c-4263-8fed-1586df6c0a41",
              "isHook": false,
              "skipped": false
            }
          ],
          "suites": [],
          "passes": [
            "5f6c555f-30ad-48ff-bd75-204582098ef6",
            "6da6f157-03f8-4546-b581-b0b8eb15cbbd",
            "9c5d09cf-31f1-4bae-b145-8501b03c5bee",
            "e1d23125-c295-4393-8e02-853e8b48e09f",
            "8b50ae63-5f91-42e7-ae71-1fcae7215f76",
            "393984ce-073c-4824-be19-769c9c52dff4",
            "488365f4-ea7f-4281-a189-6181e8462617",
            "8477f8f0-b9eb-48ef-8a5e-03a7e0877697"
          ],
          "failures": [],
          "pending": [],
          "skipped": [],
          "duration": 1,
          "root": false,
          "rootEmpty": false,
          "_timeout": 2000
        },
        {
          "uuid": "2f031383-655c-4259-b6d7-ec1be928d05e",
          "title": "Bank",
          "fullFile": "/Users/deveshmittal/oppa/js_assignment/test/test_bank.cjs",
          "file": "/test/test_bank.cjs",
          "beforeHooks": [
            {
              "title": "\"before each\" hook in \"Bank\"",
              "fullTitle": "Bank \"before each\" hook in \"Bank\"",
              "timedOut": false,
              "duration": 0,
              "state": null,
              "speed": null,
              "pass": false,
              "fail": false,
              "pending": false,
              "context": null,
              "code": "bank = new Bank();",
              "err": {},
              "uuid": "c87140d9-1343-46ba-9249-a11bf7bdacd9",
              "parentUUID": "2f031383-655c-4259-b6d7-ec1be928d05e",
              "isHook": true,
              "skipped": false
            }
          ],
          "afterHooks": [],
          "tests": [
            {
              "title": "should add an account",
              "fullTitle": "Bank should add an account",
              "timedOut": false,
              "duration": 0,
              "state": "passed",
              "speed": "fast",
              "pass": true,
              "fail": false,
              "pending": false,
              "context": null,
              "code": "const number = bank.addAccount();\nexpect(number).to.equal(1);\nexpect(bank.accounts.length).to.equal(1);\nexpect(bank.accounts[0]).to.be.instanceOf(Account);",
              "err": {},
              "uuid": "eaba882a-5093-45e0-8e21-d42eb612e47c",
              "parentUUID": "2f031383-655c-4259-b6d7-ec1be928d05e",
              "isHook": false,
              "skipped": false
            },
            {
              "title": "should add a savings account",
              "fullTitle": "Bank should add a savings account",
              "timedOut": false,
              "duration": 0,
              "state": "passed",
              "speed": "fast",
              "pass": true,
              "fail": false,
              "pending": false,
              "context": null,
              "code": "const number = bank.addSavingsAccount(5);\nexpect(number).to.equal(2);\nexpect(bank.accounts.length).to.equal(1);\nexpect(bank.accounts[0]).to.be.instanceOf(SavingsAccount);",
              "err": {},
              "uuid": "52a7c94d-4bbc-41eb-ae2c-9576d1762ba7",
              "parentUUID": "2f031383-655c-4259-b6d7-ec1be928d05e",
              "isHook": false,
              "skipped": false
            },
            {
              "title": "should add a checking account",
              "fullTitle": "Bank should add a checking account",
              "timedOut": false,
              "duration": 0,
              "state": "passed",
              "speed": "fast",
              "pass": true,
              "fail": false,
              "pending": false,
              "context": null,
              "code": "const number = bank.addCheckingAccount(500);\nexpect(number).to.equal(3);\nexpect(bank.accounts.length).to.equal(1);\nexpect(bank.accounts[0]).to.be.instanceOf(CheckingAccount);",
              "err": {},
              "uuid": "c735dda7-766a-4e66-a42a-9b00c4adc17f",
              "parentUUID": "2f031383-655c-4259-b6d7-ec1be928d05e",
              "isHook": false,
              "skipped": false
            },
            {
              "title": "should close an account",
              "fullTitle": "Bank should close an account",
              "timedOut": false,
              "duration": 0,
              "state": "passed",
              "speed": "fast",
              "pass": true,
              "fail": false,
              "pending": false,
              "context": null,
              "code": "const number = bank.addAccount();\nbank.closeAccount(number);\nexpect(bank.accounts.length).to.equal(0);",
              "err": {},
              "uuid": "3f483060-7a53-4480-be1d-caaa52bd9169",
              "parentUUID": "2f031383-655c-4259-b6d7-ec1be928d05e",
              "isHook": false,
              "skipped": false
            }
          ],
          "suites": [],
          "passes": [
            "eaba882a-5093-45e0-8e21-d42eb612e47c",
            "52a7c94d-4bbc-41eb-ae2c-9576d1762ba7",
            "c735dda7-766a-4e66-a42a-9b00c4adc17f",
            "3f483060-7a53-4480-be1d-caaa52bd9169"
          ],
          "failures": [],
          "pending": [],
          "skipped": [],
          "duration": 0,
          "root": false,
          "rootEmpty": false,
          "_timeout": 2000
        },
        {
          "uuid": "7cb7e3a1-79cf-4c3b-98b1-ccd0df774edb",
          "title": "CheckingAccount",
          "fullFile": "/Users/deveshmittal/oppa/js_assignment/test/test_checkingaccount.cjs",
          "file": "/test/test_checkingaccount.cjs",
          "beforeHooks": [
            {
              "title": "\"before each\" hook in \"CheckingAccount\"",
              "fullTitle": "CheckingAccount \"before each\" hook in \"CheckingAccount\"",
              "timedOut": false,
              "duration": 0,
              "state": null,
              "speed": null,
              "pass": false,
              "fail": false,
              "pending": false,
              "context": null,
              "code": "checkingAccount = new CheckingAccount(1, 500);",
              "err": {},
              "uuid": "6fb3eddb-9d07-4bc5-9e1c-b1d07dd3f0ae",
              "parentUUID": "7cb7e3a1-79cf-4c3b-98b1-ccd0df774edb",
              "isHook": true,
              "skipped": false
            }
          ],
          "afterHooks": [],
          "tests": [
            {
              "title": "should have an overdraft limit",
              "fullTitle": "CheckingAccount should have an overdraft limit",
              "timedOut": false,
              "duration": 0,
              "state": "passed",
              "speed": "fast",
              "pass": true,
              "fail": false,
              "pending": false,
              "context": null,
              "code": "expect(checkingAccount.getOverdraftLimit()).to.equal(500);",
              "err": {},
              "uuid": "4633f746-b8a8-45f3-9534-e65f3e87eb91",
              "parentUUID": "7cb7e3a1-79cf-4c3b-98b1-ccd0df774edb",
              "isHook": false,
              "skipped": false
            },
            {
              "title": "should set an overdraft limit",
              "fullTitle": "CheckingAccount should set an overdraft limit",
              "timedOut": false,
              "duration": 0,
              "state": "passed",
              "speed": "fast",
              "pass": true,
              "fail": false,
              "pending": false,
              "context": null,
              "code": "checkingAccount.setOverdraftLimit(1000);\nexpect(checkingAccount.getOverdraftLimit()).to.equal(1000);",
              "err": {},
              "uuid": "482e9827-6c16-4ce8-93fd-64173623990d",
              "parentUUID": "7cb7e3a1-79cf-4c3b-98b1-ccd0df774edb",
              "isHook": false,
              "skipped": false
            },
            {
              "title": "should withdraw money within overdraft limit",
              "fullTitle": "CheckingAccount should withdraw money within overdraft limit",
              "timedOut": false,
              "duration": 0,
              "state": "passed",
              "speed": "fast",
              "pass": true,
              "fail": false,
              "pending": false,
              "context": null,
              "code": "checkingAccount.deposit(100);\ncheckingAccount.withdraw(200);\nexpect(checkingAccount.getBalance()).to.equal(-100);",
              "err": {},
              "uuid": "be5f4976-90a0-4d71-a4a7-47d6419594d0",
              "parentUUID": "7cb7e3a1-79cf-4c3b-98b1-ccd0df774edb",
              "isHook": false,
              "skipped": false
            },
            {
              "title": "should throw an error for insufficient funds with overdraft limit exceeded",
              "fullTitle": "CheckingAccount should throw an error for insufficient funds with overdraft limit exceeded",
              "timedOut": false,
              "duration": 0,
              "state": "passed",
              "speed": "fast",
              "pass": true,
              "fail": false,
              "pending": false,
              "context": null,
              "code": "expect(() => checkingAccount.withdraw(600)).to.throw(Error);",
              "err": {},
              "uuid": "985f586f-6014-45c6-a570-2a9001a50ead",
              "parentUUID": "7cb7e3a1-79cf-4c3b-98b1-ccd0df774edb",
              "isHook": false,
              "skipped": false
            },
            {
              "title": "should return string representation",
              "fullTitle": "CheckingAccount should return string representation",
              "timedOut": false,
              "duration": 0,
              "state": "passed",
              "speed": "fast",
              "pass": true,
              "fail": false,
              "pending": false,
              "context": null,
              "code": "expect(checkingAccount.toString()).to.equal('CheckingAccount 1: balance 0 overdraft limit 500');\ncheckingAccount.deposit(100);\nexpect(checkingAccount.toString()).to.equal('CheckingAccount 1: balance 100 overdraft limit 500');",
              "err": {},
              "uuid": "6e234ec1-9600-40b9-9993-5fb5ecafceb3",
              "parentUUID": "7cb7e3a1-79cf-4c3b-98b1-ccd0df774edb",
              "isHook": false,
              "skipped": false
            },
            {
              "title": "should return end of month report",
              "fullTitle": "CheckingAccount should return end of month report",
              "timedOut": false,
              "duration": 0,
              "state": "passed",
              "speed": "fast",
              "pass": true,
              "fail": false,
              "pending": false,
              "context": null,
              "code": "checkingAccount.deposit(100);\ncheckingAccount.withdraw(200);\nexpect(checkingAccount.endOfMonth()).to.equal('Warning, low balance CheckingAccount 1: balance: -100 overdraft limit: 500');",
              "err": {},
              "uuid": "f1c971d5-c04d-4b97-b9df-d521b32836c3",
              "parentUUID": "7cb7e3a1-79cf-4c3b-98b1-ccd0df774edb",
              "isHook": false,
              "skipped": false
            }
          ],
          "suites": [],
          "passes": [
            "4633f746-b8a8-45f3-9534-e65f3e87eb91",
            "482e9827-6c16-4ce8-93fd-64173623990d",
            "be5f4976-90a0-4d71-a4a7-47d6419594d0",
            "985f586f-6014-45c6-a570-2a9001a50ead",
            "6e234ec1-9600-40b9-9993-5fb5ecafceb3",
            "f1c971d5-c04d-4b97-b9df-d521b32836c3"
          ],
          "failures": [],
          "pending": [],
          "skipped": [],
          "duration": 0,
          "root": false,
          "rootEmpty": false,
          "_timeout": 2000
        },
        {
          "uuid": "38c310da-a115-4acb-9ca5-dd4d7587ab67",
          "title": "SavingsAccount",
          "fullFile": "/Users/deveshmittal/oppa/js_assignment/test/test_savingsaccount.cjs",
          "file": "/test/test_savingsaccount.cjs",
          "beforeHooks": [
            {
              "title": "\"before each\" hook in \"SavingsAccount\"",
              "fullTitle": "SavingsAccount \"before each\" hook in \"SavingsAccount\"",
              "timedOut": false,
              "duration": 0,
              "state": null,
              "speed": null,
              "pass": false,
              "fail": false,
              "pending": false,
              "context": null,
              "code": "savingsAccount = new SavingsAccount(1, 5);",
              "err": {},
              "uuid": "9f56f8f6-2399-4716-8a5a-2234b23a2b76",
              "parentUUID": "38c310da-a115-4acb-9ca5-dd4d7587ab67",
              "isHook": true,
              "skipped": false
            }
          ],
          "afterHooks": [],
          "tests": [
            {
              "title": "should have an interest rate",
              "fullTitle": "SavingsAccount should have an interest rate",
              "timedOut": false,
              "duration": 0,
              "state": "passed",
              "speed": "fast",
              "pass": true,
              "fail": false,
              "pending": false,
              "context": null,
              "code": "expect(savingsAccount.getInterest()).to.equal(5);",
              "err": {},
              "uuid": "483df975-12cc-4a54-8f14-ce4b694346be",
              "parentUUID": "38c310da-a115-4acb-9ca5-dd4d7587ab67",
              "isHook": false,
              "skipped": false
            },
            {
              "title": "should set an interest rate",
              "fullTitle": "SavingsAccount should set an interest rate",
              "timedOut": false,
              "duration": 0,
              "state": "passed",
              "speed": "fast",
              "pass": true,
              "fail": false,
              "pending": false,
              "context": null,
              "code": "savingsAccount.setInterest(10);\nexpect(savingsAccount.getInterest()).to.equal(10);",
              "err": {},
              "uuid": "05ab14be-caea-4e18-bc4b-f58d7375f333",
              "parentUUID": "38c310da-a115-4acb-9ca5-dd4d7587ab67",
              "isHook": false,
              "skipped": false
            },
            {
              "title": "should add interest to the balance",
              "fullTitle": "SavingsAccount should add interest to the balance",
              "timedOut": false,
              "duration": 0,
              "state": "passed",
              "speed": "fast",
              "pass": true,
              "fail": false,
              "pending": false,
              "context": null,
              "code": "savingsAccount.deposit(100);\nsavingsAccount.addInterest();\nexpect(savingsAccount.getBalance()).to.equal(105);",
              "err": {},
              "uuid": "b75b6ca9-5e3a-4db2-a76f-b9a685d24bd2",
              "parentUUID": "38c310da-a115-4acb-9ca5-dd4d7587ab67",
              "isHook": false,
              "skipped": false
            },
            {
              "title": "should return string representation",
              "fullTitle": "SavingsAccount should return string representation",
              "timedOut": false,
              "duration": 0,
              "state": "passed",
              "speed": "fast",
              "pass": true,
              "fail": false,
              "pending": false,
              "context": null,
              "code": "expect(savingsAccount.toString()).to.equal('SavingsAccount 1: balance 0 interest 5');\nsavingsAccount.deposit(100);\nexpect(savingsAccount.toString()).to.equal('SavingsAccount 1: balance 100 interest 5');",
              "err": {},
              "uuid": "e02106f0-94ee-4bcf-b8ad-c4c446b6b163",
              "parentUUID": "38c310da-a115-4acb-9ca5-dd4d7587ab67",
              "isHook": false,
              "skipped": false
            },
            {
              "title": "should return end of month report",
              "fullTitle": "SavingsAccount should return end of month report",
              "timedOut": false,
              "duration": 0,
              "state": "passed",
              "speed": "fast",
              "pass": true,
              "fail": false,
              "pending": false,
              "context": null,
              "code": "savingsAccount.deposit(100);\nexpect(savingsAccount.endOfMonth()).to.equal('Interest added SavingsAccount 1: balance: 105 interest: 5');",
              "err": {},
              "uuid": "c3a4a1ca-8766-4798-8f97-a1565a2ffbd9",
              "parentUUID": "38c310da-a115-4acb-9ca5-dd4d7587ab67",
              "isHook": false,
              "skipped": false
            }
          ],
          "suites": [],
          "passes": [
            "483df975-12cc-4a54-8f14-ce4b694346be",
            "05ab14be-caea-4e18-bc4b-f58d7375f333",
            "b75b6ca9-5e3a-4db2-a76f-b9a685d24bd2",
            "e02106f0-94ee-4bcf-b8ad-c4c446b6b163",
            "c3a4a1ca-8766-4798-8f97-a1565a2ffbd9"
          ],
          "failures": [],
          "pending": [],
          "skipped": [],
          "duration": 0,
          "root": false,
          "rootEmpty": false,
          "_timeout": 2000
        }
      ],
      "passes": [],
      "failures": [],
      "pending": [],
      "skipped": [],
      "duration": 0,
      "root": true,
      "rootEmpty": true,
      "_timeout": 2000
    }
  ],
  "meta": {
    "mocha": {
      "version": "10.4.0"
    },
    "mochawesome": {
      "options": {
        "quiet": false,
        "reportFilename": "mochawesome",
        "saveHtml": true,
        "saveJson": true,
        "consoleReporter": "spec",
        "useInlineDiffs": false,
        "code": true
      },
      "version": "7.1.3"
    },
    "marge": {
      "options": null,
      "version": "6.2.0"
    }
  }
}